This is pdfTeX, Version 3.14159265-2.6-1.40.16 (MiKTeX 2.9 64-bit) (preloaded format=pdflatex 2016.3.11)  8 MAY 2016 11:06
entering extended mode
**./bthesis.tex
(bthesis.tex
LaTeX2e <2015/10/01> patch level 2
Babel <3.9n> and hyphenation patterns for 69 languages loaded.
(GAUBM.cls
Document Class: GAUBM 2009/03/12 v1.0 GAU Vorlage für Abschlussarbeit Physik
(C:\Users\Felix\AppData\Roaming\MiKTeX\2.9\tex\latex\koma-script\scrbook.cls
Document Class: scrbook 2015/10/03 v3.19a KOMA-Script document class (book)
(C:\Users\Felix\AppData\Roaming\MiKTeX\2.9\tex\latex\koma-script\scrkbase.sty
Package: scrkbase 2015/10/03 v3.19a KOMA-Script package (KOMA-Script-dependent 
basics and keyval usage)

(C:\Users\Felix\AppData\Roaming\MiKTeX\2.9\tex\latex\koma-script\scrbase.sty
Package: scrbase 2015/10/03 v3.19a KOMA-Script package (KOMA-Script-independent
 basics and keyval usage)

("C:\Program Files\MiKTeX 2.9\tex\latex\graphics\keyval.sty"
Package: keyval 2014/10/28 v1.15 key=value parser (DPC)
\KV@toks@=\toks14
)
(C:\Users\Felix\AppData\Roaming\MiKTeX\2.9\tex\latex\koma-script\scrlfile.sty
Package: scrlfile 2015/10/03 v3.19a KOMA-Script package (loading files)

Package scrlfile, 2015/10/03 v3.19a KOMA-Script package (loading files)
                  Copyright (C) Markus Kohm

)))
(C:\Users\Felix\AppData\Roaming\MiKTeX\2.9\tex\latex\koma-script\tocbasic.sty
Package: tocbasic 2015/10/03 v3.19a KOMA-Script package (handling toc-files)
)
Package tocbasic Info: omitting babel extension for `toc'
(tocbasic)             because of feature `nobabel' available
(tocbasic)             for `toc' on input line 125.
Package tocbasic Info: omitting babel extension for `lof'
(tocbasic)             because of feature `nobabel' available
(tocbasic)             for `lof' on input line 126.
Package tocbasic Info: omitting babel extension for `lot'
(tocbasic)             because of feature `nobabel' available
(tocbasic)             for `lot' on input line 127.
Package tocbasic Info: defining new hook before heading of `' on input line 158
4.
Package scrbook Info: You've used standard option `12pt'.
(scrbook)             This is correct!
(scrbook)             Internally I'm using `fontsize=12pt'.
(scrbook)             If you'd like to set the option with \KOMAoptions,
(scrbook)             you'd have to use `fontsize=12pt' there
(scrbook)             instead of `12pt', too.
Class scrbook Info: File `scrsize12pt.clo' used to setup font sizes on input li
ne 2251.

(C:\Users\Felix\AppData\Roaming\MiKTeX\2.9\tex\latex\koma-script\scrsize12pt.cl
o
File: scrsize12pt.clo 2015/10/03 v3.19a KOMA-Script font size class option (12p
t)
)
(C:\Users\Felix\AppData\Roaming\MiKTeX\2.9\tex\latex\koma-script\typearea.sty
Package: typearea 2015/10/03 v3.19a KOMA-Script package (type area)

Package typearea, 2015/10/03 v3.19a KOMA-Script package (type area)
                  Copyright (C) Frank Neukam, 1992-1994
                  Copyright (C) Markus Kohm, 1994-

\ta@bcor=\skip41
\ta@div=\count79
\ta@hblk=\skip42
\ta@vblk=\skip43
\ta@temp=\skip44
\footheight=\skip45
Package typearea Info: These are the values describing the layout:
(typearea)             DIV  = 12
(typearea)             BCOR = 28.45274pt
(typearea)             \paperwidth      = 597.50793pt
(typearea)              \textwidth      = 426.7914pt
(typearea)              DIV departure   = -1%
(typearea)              \evensidemargin = 22.57254pt
(typearea)              \oddsidemargin  = 3.60402pt
(typearea)             \paperheight     = 845.04694pt
(typearea)              \textheight     = 635.5pt
(typearea)              \topmargin      = -41.72441pt
(typearea)              \headheight     = 18.125pt
(typearea)              \headsep        = 21.75pt
(typearea)              \topskip        = 12.0pt
(typearea)              \footskip       = 50.75pt
(typearea)              \baselineskip   = 14.5pt
(typearea)              on input line 1509.
)
\c@part=\count80
\c@chapter=\count81
\c@section=\count82
\c@subsection=\count83
\c@subsubsection=\count84
\c@paragraph=\count85
\c@subparagraph=\count86
LaTeX Info: Redefining \textsubscript on input line 4654.
\abovecaptionskip=\skip46
\belowcaptionskip=\skip47
\c@pti@nb@sid@b@x=\box26
\c@figure=\count87
\c@table=\count88
\bibindent=\dimen102
) ("C:\Program Files\MiKTeX 2.9\tex\latex\tools\calc.sty"
Package: calc 2014/10/28 v4.3 Infix arithmetic (KKT,FJ)
\calc@Acount=\count89
\calc@Bcount=\count90
\calc@Adimen=\dimen103
\calc@Bdimen=\dimen104
\calc@Askip=\skip48
\calc@Bskip=\skip49
LaTeX Info: Redefining \setlength on input line 80.
LaTeX Info: Redefining \addtolength on input line 81.
\calc@Ccount=\count91
\calc@Cskip=\skip50
)
\c@@countbegin=\count92
\c@@countend=\count93
)
(C:\Users\Felix\AppData\Roaming\MiKTeX\2.9\tex\latex\setspace\setspace.sty
Package: setspace 2011/12/19 v6.7a set line spacing
)
("C:\Program Files\MiKTeX 2.9\tex\generic\babel\babel.sty"
Package: babel 2016/01/08 3.9n The Babel package

*************************************
* Local config file bblopts.cfg used
*
("C:\Program Files\MiKTeX 2.9\tex\latex\00miktex\bblopts.cfg"
File: bblopts.cfg 2006/07/31 v1.0 MiKTeX 'babel' configuration
)
("C:\Program Files\MiKTeX 2.9\tex\latex\babel-english\english.ldf"
Language: english 2012/08/20 v3.3p English support from the babel system

("C:\Program Files\MiKTeX 2.9\tex\generic\babel\babel.def"
File: babel.def 2016/01/08 3.9n Babel common definitions
\babel@savecnt=\count94
\U@D=\dimen105
)
\l@canadian = a dialect from \language\l@american 
\l@australian = a dialect from \language\l@british 
\l@newzealand = a dialect from \language\l@british 
)
("C:\Program Files\MiKTeX 2.9\tex\latex\babel-german\ngerman.ldf"
Language: ngerman 2013/12/13 v2.7 German support for babel (new orthography)

("C:\Program Files\MiKTeX 2.9\tex\latex\babel-german\ngermanb.ldf"
Language: ngermanb 2013/12/13 v2.7 German support for babel (new orthography)
\l@naustrian = a dialect from \language\l@ngerman 
\l@nswissgerman = a dialect from \language\l@ngerman 
Package babel Info: Making " an active character on input line 88.
)))
("C:\Program Files\MiKTeX 2.9\tex\latex\base\fontenc.sty"
Package: fontenc 2005/09/27 v1.99g Standard LaTeX package

("C:\Program Files\MiKTeX 2.9\tex\latex\base\t1enc.def"
File: t1enc.def 2005/09/27 v1.99g Standard LaTeX file
LaTeX Font Info:    Redeclaring font encoding T1 on input line 48.
))
("C:\Program Files\MiKTeX 2.9\tex\latex\base\inputenc.sty"
Package: inputenc 2015/03/17 v1.2c Input encoding file
\inpenc@prehook=\toks15
\inpenc@posthook=\toks16

("C:\Program Files\MiKTeX 2.9\tex\latex\base\latin1.def"
File: latin1.def 2015/03/17 v1.2c Input encoding file
))
("C:\Program Files\MiKTeX 2.9\tex\latex\amsmath\amsmath.sty"
Package: amsmath 2013/01/14 v2.14 AMS math features
\@mathmargin=\skip51

For additional information on amsmath, use the `?' option.
("C:\Program Files\MiKTeX 2.9\tex\latex\amsmath\amstext.sty"
Package: amstext 2000/06/29 v2.01

("C:\Program Files\MiKTeX 2.9\tex\latex\amsmath\amsgen.sty"
File: amsgen.sty 1999/11/30 v2.0
\@emptytoks=\toks17
\ex@=\dimen106
))
("C:\Program Files\MiKTeX 2.9\tex\latex\amsmath\amsbsy.sty"
Package: amsbsy 1999/11/29 v1.2d
\pmbraise@=\dimen107
)
("C:\Program Files\MiKTeX 2.9\tex\latex\amsmath\amsopn.sty"
Package: amsopn 1999/12/14 v2.01 operator names
)
\inf@bad=\count95
LaTeX Info: Redefining \frac on input line 210.
\uproot@=\count96
\leftroot@=\count97
LaTeX Info: Redefining \overline on input line 306.
\classnum@=\count98
\DOTSCASE@=\count99
LaTeX Info: Redefining \ldots on input line 378.
LaTeX Info: Redefining \dots on input line 381.
LaTeX Info: Redefining \cdots on input line 466.
\Mathstrutbox@=\box27
\strutbox@=\box28
\big@size=\dimen108
LaTeX Font Info:    Redeclaring font encoding OML on input line 566.
LaTeX Font Info:    Redeclaring font encoding OMS on input line 567.
\macc@depth=\count100
\c@MaxMatrixCols=\count101
\dotsspace@=\muskip10
\c@parentequation=\count102
\dspbrk@lvl=\count103
\tag@help=\toks18
\row@=\count104
\column@=\count105
\maxfields@=\count106
\andhelp@=\toks19
\eqnshift@=\dimen109
\alignsep@=\dimen110
\tagshift@=\dimen111
\tagwidth@=\dimen112
\totwidth@=\dimen113
\lineht@=\dimen114
\@envbody=\toks20
\multlinegap=\skip52
\multlinetaggap=\skip53
\mathdisplay@stack=\toks21
LaTeX Info: Redefining \[ on input line 2665.
LaTeX Info: Redefining \] on input line 2666.
)
("C:\Program Files\MiKTeX 2.9\tex\latex\amsfonts\amssymb.sty"
Package: amssymb 2013/01/14 v3.01 AMS font symbols

("C:\Program Files\MiKTeX 2.9\tex\latex\amsfonts\amsfonts.sty"
Package: amsfonts 2013/01/14 v3.01 Basic AMSFonts support
\symAMSa=\mathgroup4
\symAMSb=\mathgroup5
LaTeX Font Info:    Overwriting math alphabet `\mathfrak' in version `bold'
(Font)                  U/euf/m/n --> U/euf/b/n on input line 106.
))
("C:\Program Files\MiKTeX 2.9\tex\latex\lm\lmodern.sty"
Package: lmodern 2009/10/30 v1.6 Latin Modern Fonts
LaTeX Font Info:    Overwriting symbol font `operators' in version `normal'
(Font)                  OT1/cmr/m/n --> OT1/lmr/m/n on input line 22.
LaTeX Font Info:    Overwriting symbol font `letters' in version `normal'
(Font)                  OML/cmm/m/it --> OML/lmm/m/it on input line 23.
LaTeX Font Info:    Overwriting symbol font `symbols' in version `normal'
(Font)                  OMS/cmsy/m/n --> OMS/lmsy/m/n on input line 24.
LaTeX Font Info:    Overwriting symbol font `largesymbols' in version `normal'
(Font)                  OMX/cmex/m/n --> OMX/lmex/m/n on input line 25.
LaTeX Font Info:    Overwriting symbol font `operators' in version `bold'
(Font)                  OT1/cmr/bx/n --> OT1/lmr/bx/n on input line 26.
LaTeX Font Info:    Overwriting symbol font `letters' in version `bold'
(Font)                  OML/cmm/b/it --> OML/lmm/b/it on input line 27.
LaTeX Font Info:    Overwriting symbol font `symbols' in version `bold'
(Font)                  OMS/cmsy/b/n --> OMS/lmsy/b/n on input line 28.
LaTeX Font Info:    Overwriting symbol font `largesymbols' in version `bold'
(Font)                  OMX/cmex/m/n --> OMX/lmex/m/n on input line 29.
LaTeX Font Info:    Overwriting math alphabet `\mathbf' in version `normal'
(Font)                  OT1/cmr/bx/n --> OT1/lmr/bx/n on input line 31.
LaTeX Font Info:    Overwriting math alphabet `\mathsf' in version `normal'
(Font)                  OT1/cmss/m/n --> OT1/lmss/m/n on input line 32.
LaTeX Font Info:    Overwriting math alphabet `\mathit' in version `normal'
(Font)                  OT1/cmr/m/it --> OT1/lmr/m/it on input line 33.
LaTeX Font Info:    Overwriting math alphabet `\mathtt' in version `normal'
(Font)                  OT1/cmtt/m/n --> OT1/lmtt/m/n on input line 34.
LaTeX Font Info:    Overwriting math alphabet `\mathbf' in version `bold'
(Font)                  OT1/cmr/bx/n --> OT1/lmr/bx/n on input line 35.
LaTeX Font Info:    Overwriting math alphabet `\mathsf' in version `bold'
(Font)                  OT1/cmss/bx/n --> OT1/lmss/bx/n on input line 36.
LaTeX Font Info:    Overwriting math alphabet `\mathit' in version `bold'
(Font)                  OT1/cmr/bx/it --> OT1/lmr/bx/it on input line 37.
LaTeX Font Info:    Overwriting math alphabet `\mathtt' in version `bold'
(Font)                  OT1/cmtt/m/n --> OT1/lmtt/m/n on input line 38.
)
(C:\Users\Felix\AppData\Roaming\MiKTeX\2.9\tex\latex\natbib\natbib.sty
Package: natbib 2010/09/13 8.31b (PWD, AO)
\bibhang=\skip54
\bibsep=\skip55
LaTeX Info: Redefining \cite on input line 694.
\c@NAT@ctr=\count107
)
(C:\Users\Felix\AppData\Roaming\MiKTeX\2.9\tex\latex\booktabs\booktabs.sty
Package: booktabs 2005/04/14 v1.61803 publication quality tables
\heavyrulewidth=\dimen115
\lightrulewidth=\dimen116
\cmidrulewidth=\dimen117
\belowrulesep=\dimen118
\belowbottomsep=\dimen119
\aboverulesep=\dimen120
\abovetopsep=\dimen121
\cmidrulesep=\dimen122
\cmidrulekern=\dimen123
\defaultaddspace=\dimen124
\@cmidla=\count108
\@cmidlb=\count109
\@aboverulesep=\dimen125
\@belowrulesep=\dimen126
\@thisruleclass=\count110
\@lastruleclass=\count111
\@thisrulewidth=\dimen127
)
("C:\Program Files\MiKTeX 2.9\tex\latex\tools\longtable.sty"
Package: longtable 2014/10/28 v4.11 Multi-page Table package (DPC)
\LTleft=\skip56
\LTright=\skip57
\LTpre=\skip58
\LTpost=\skip59
\LTchunksize=\count112
\LTcapwidth=\dimen128
\LT@head=\box29
\LT@firsthead=\box30
\LT@foot=\box31
\LT@lastfoot=\box32
\LT@cols=\count113
\LT@rows=\count114
\c@LT@tables=\count115
\c@LT@chunks=\count116
\LT@p@ftn=\toks22
)
Class scrbook Info: longtable captions redefined on input line 47.

("C:\Program Files\MiKTeX 2.9\tex\latex\tools\array.sty"
Package: array 2014/10/28 v2.4c Tabular extension package (FMi)
\col@sep=\dimen129
\extrarowheight=\dimen130
\NC@list=\toks23
\extratabsurround=\skip60
\backup@length=\skip61
)
("C:\Program Files\MiKTeX 2.9\tex\latex\base\textcomp.sty"
Package: textcomp 2005/09/27 v1.99g Standard LaTeX package
Package textcomp Info: Sub-encoding information:
(textcomp)               5 = only ISO-Adobe without \textcurrency
(textcomp)               4 = 5 + \texteuro
(textcomp)               3 = 4 + \textohm
(textcomp)               2 = 3 + \textestimated + \textcurrency
(textcomp)               1 = TS1 - \textcircled - \t
(textcomp)               0 = TS1 (full)
(textcomp)             Font families with sub-encoding setting implement
(textcomp)             only a restricted character set as indicated.
(textcomp)             Family '?' is the default used for unknown fonts.
(textcomp)             See the documentation for details.
Package textcomp Info: Setting ? sub-encoding to TS1/1 on input line 79.

("C:\Program Files\MiKTeX 2.9\tex\latex\base\ts1enc.def"
File: ts1enc.def 2001/06/05 v3.0e (jk/car/fm) Standard LaTeX file
)
LaTeX Info: Redefining \oldstylenums on input line 334.
Package textcomp Info: Setting cmr sub-encoding to TS1/0 on input line 349.
Package textcomp Info: Setting cmss sub-encoding to TS1/0 on input line 350.
Package textcomp Info: Setting cmtt sub-encoding to TS1/0 on input line 351.
Package textcomp Info: Setting cmvtt sub-encoding to TS1/0 on input line 352.
Package textcomp Info: Setting cmbr sub-encoding to TS1/0 on input line 353.
Package textcomp Info: Setting cmtl sub-encoding to TS1/0 on input line 354.
Package textcomp Info: Setting ccr sub-encoding to TS1/0 on input line 355.
Package textcomp Info: Setting ptm sub-encoding to TS1/4 on input line 356.
Package textcomp Info: Setting pcr sub-encoding to TS1/4 on input line 357.
Package textcomp Info: Setting phv sub-encoding to TS1/4 on input line 358.
Package textcomp Info: Setting ppl sub-encoding to TS1/3 on input line 359.
Package textcomp Info: Setting pag sub-encoding to TS1/4 on input line 360.
Package textcomp Info: Setting pbk sub-encoding to TS1/4 on input line 361.
Package textcomp Info: Setting pnc sub-encoding to TS1/4 on input line 362.
Package textcomp Info: Setting pzc sub-encoding to TS1/4 on input line 363.
Package textcomp Info: Setting bch sub-encoding to TS1/4 on input line 364.
Package textcomp Info: Setting put sub-encoding to TS1/5 on input line 365.
Package textcomp Info: Setting uag sub-encoding to TS1/5 on input line 366.
Package textcomp Info: Setting ugq sub-encoding to TS1/5 on input line 367.
Package textcomp Info: Setting ul8 sub-encoding to TS1/4 on input line 368.
Package textcomp Info: Setting ul9 sub-encoding to TS1/4 on input line 369.
Package textcomp Info: Setting augie sub-encoding to TS1/5 on input line 370.
Package textcomp Info: Setting dayrom sub-encoding to TS1/3 on input line 371.
Package textcomp Info: Setting dayroms sub-encoding to TS1/3 on input line 372.

Package textcomp Info: Setting pxr sub-encoding to TS1/0 on input line 373.
Package textcomp Info: Setting pxss sub-encoding to TS1/0 on input line 374.
Package textcomp Info: Setting pxtt sub-encoding to TS1/0 on input line 375.
Package textcomp Info: Setting txr sub-encoding to TS1/0 on input line 376.
Package textcomp Info: Setting txss sub-encoding to TS1/0 on input line 377.
Package textcomp Info: Setting txtt sub-encoding to TS1/0 on input line 378.
Package textcomp Info: Setting lmr sub-encoding to TS1/0 on input line 379.
Package textcomp Info: Setting lmdh sub-encoding to TS1/0 on input line 380.
Package textcomp Info: Setting lmss sub-encoding to TS1/0 on input line 381.
Package textcomp Info: Setting lmssq sub-encoding to TS1/0 on input line 382.
Package textcomp Info: Setting lmvtt sub-encoding to TS1/0 on input line 383.
Package textcomp Info: Setting lmtt sub-encoding to TS1/0 on input line 384.
Package textcomp Info: Setting qhv sub-encoding to TS1/0 on input line 385.
Package textcomp Info: Setting qag sub-encoding to TS1/0 on input line 386.
Package textcomp Info: Setting qbk sub-encoding to TS1/0 on input line 387.
Package textcomp Info: Setting qcr sub-encoding to TS1/0 on input line 388.
Package textcomp Info: Setting qcs sub-encoding to TS1/0 on input line 389.
Package textcomp Info: Setting qpl sub-encoding to TS1/0 on input line 390.
Package textcomp Info: Setting qtm sub-encoding to TS1/0 on input line 391.
Package textcomp Info: Setting qzc sub-encoding to TS1/0 on input line 392.
Package textcomp Info: Setting qhvc sub-encoding to TS1/0 on input line 393.
Package textcomp Info: Setting futs sub-encoding to TS1/4 on input line 394.
Package textcomp Info: Setting futx sub-encoding to TS1/4 on input line 395.
Package textcomp Info: Setting futj sub-encoding to TS1/4 on input line 396.
Package textcomp Info: Setting hlh sub-encoding to TS1/3 on input line 397.
Package textcomp Info: Setting hls sub-encoding to TS1/3 on input line 398.
Package textcomp Info: Setting hlst sub-encoding to TS1/3 on input line 399.
Package textcomp Info: Setting hlct sub-encoding to TS1/5 on input line 400.
Package textcomp Info: Setting hlx sub-encoding to TS1/5 on input line 401.
Package textcomp Info: Setting hlce sub-encoding to TS1/5 on input line 402.
Package textcomp Info: Setting hlcn sub-encoding to TS1/5 on input line 403.
Package textcomp Info: Setting hlcw sub-encoding to TS1/5 on input line 404.
Package textcomp Info: Setting hlcf sub-encoding to TS1/5 on input line 405.
Package textcomp Info: Setting pplx sub-encoding to TS1/3 on input line 406.
Package textcomp Info: Setting pplj sub-encoding to TS1/3 on input line 407.
Package textcomp Info: Setting ptmx sub-encoding to TS1/4 on input line 408.
Package textcomp Info: Setting ptmj sub-encoding to TS1/4 on input line 409.
)
(C:\Users\Felix\AppData\Roaming\MiKTeX\2.9\tex\latex\was\gensymb.sty
Package: gensymb 2003/07/02 v1.0 (WaS)
)
(C:\Users\Felix\AppData\Roaming\MiKTeX\2.9\tex\latex\units\units.sty
Package: units 1998/08/04 v0.9b Typesetting units

("C:\Program Files\MiKTeX 2.9\tex\latex\base\ifthen.sty"
Package: ifthen 2014/09/29 v1.1c Standard LaTeX ifthen package (DPC)
)
(C:\Users\Felix\AppData\Roaming\MiKTeX\2.9\tex\latex\units\nicefrac.sty
Package: nicefrac 1998/08/04 v0.9b Nice fractions
\L@UnitsRaiseDisplaystyle=\skip62
\L@UnitsRaiseTextstyle=\skip63
\L@UnitsRaiseScriptstyle=\skip64
))
("C:\Program Files\MiKTeX 2.9\tex\latex\hyperref\hyperref.sty"
Package: hyperref 2012/11/06 v6.83m Hypertext links for LaTeX

("C:\Program Files\MiKTeX 2.9\tex\generic\oberdiek\hobsub-hyperref.sty"
Package: hobsub-hyperref 2012/04/25 v1.12 Bundle oberdiek, subset hyperref (HO)


("C:\Program Files\MiKTeX 2.9\tex\generic\oberdiek\hobsub-generic.sty"
Package: hobsub-generic 2012/04/25 v1.12 Bundle oberdiek, subset generic (HO)
Package: hobsub 2012/04/25 v1.12 Construct package bundles (HO)
Package: infwarerr 2010/04/08 v1.3 Providing info/warning/error messages (HO)
Package: ltxcmds 2011/11/09 v1.22 LaTeX kernel commands for general use (HO)
Package: ifluatex 2010/03/01 v1.3 Provides the ifluatex switch (HO)
Package ifluatex Info: LuaTeX not detected.
Package: ifvtex 2010/03/01 v1.5 Detect VTeX and its facilities (HO)
Package ifvtex Info: VTeX not detected.
Package: intcalc 2007/09/27 v1.1 Expandable calculations with integers (HO)
Package: ifpdf 2011/01/30 v2.3 Provides the ifpdf switch (HO)
Package ifpdf Info: pdfTeX in PDF mode is detected.
Package: etexcmds 2011/02/16 v1.5 Avoid name clashes with e-TeX commands (HO)
Package etexcmds Info: Could not find \expanded.
(etexcmds)             That can mean that you are not using pdfTeX 1.50 or
(etexcmds)             that some package has redefined \expanded.
(etexcmds)             In the latter case, load this package earlier.
Package: kvsetkeys 2012/04/25 v1.16 Key value parser (HO)
Package: kvdefinekeys 2011/04/07 v1.3 Define keys (HO)
Package: pdftexcmds 2011/11/29 v0.20 Utility functions of pdfTeX for LuaTeX (HO
)
Package pdftexcmds Info: LuaTeX not detected.
Package pdftexcmds Info: \pdf@primitive is available.
Package pdftexcmds Info: \pdf@ifprimitive is available.
Package pdftexcmds Info: \pdfdraftmode found.
Package: pdfescape 2011/11/25 v1.13 Implements pdfTeX's escape features (HO)
Package: bigintcalc 2012/04/08 v1.3 Expandable calculations on big integers (HO
)
Package: bitset 2011/01/30 v1.1 Handle bit-vector datatype (HO)
Package: uniquecounter 2011/01/30 v1.2 Provide unlimited unique counter (HO)
)
Package hobsub Info: Skipping package `hobsub' (already loaded).
Package: letltxmacro 2010/09/02 v1.4 Let assignment for LaTeX macros (HO)
Package: hopatch 2011/06/24 v1.1 Wrapper for package hooks (HO)
Package: xcolor-patch 2011/01/30 xcolor patch
Package: atveryend 2011/06/30 v1.8 Hooks at the very end of document (HO)
Package atveryend Info: \enddocument detected (standard20110627).
Package: atbegshi 2011/10/05 v1.16 At begin shipout hook (HO)
Package: refcount 2011/10/16 v3.4 Data extraction from label references (HO)
Package: hycolor 2011/01/30 v1.7 Color options for hyperref/bookmark (HO)
)
("C:\Program Files\MiKTeX 2.9\tex\generic\ifxetex\ifxetex.sty"
Package: ifxetex 2010/09/12 v0.6 Provides ifxetex conditional
)
("C:\Program Files\MiKTeX 2.9\tex\latex\oberdiek\auxhook.sty"
Package: auxhook 2011/03/04 v1.3 Hooks for auxiliary files (HO)
)
("C:\Program Files\MiKTeX 2.9\tex\latex\oberdiek\kvoptions.sty"
Package: kvoptions 2011/06/30 v3.11 Key value format for package options (HO)
)
\@linkdim=\dimen131
\Hy@linkcounter=\count117
\Hy@pagecounter=\count118

("C:\Program Files\MiKTeX 2.9\tex\latex\hyperref\pd1enc.def"
File: pd1enc.def 2012/11/06 v6.83m Hyperref: PDFDocEncoding definition (HO)
)
\Hy@SavedSpaceFactor=\count119

("C:\Program Files\MiKTeX 2.9\tex\latex\00miktex\hyperref.cfg"
File: hyperref.cfg 2002/06/06 v1.2 hyperref configuration of TeXLive
)
Package hyperref Info: Option `breaklinks' set `true' on input line 4319.
Package hyperref Info: Option `bookmarksopen' set `true' on input line 4319.
Package hyperref Info: Option `bookmarksnumbered' set `true' on input line 4319
.
Package hyperref Info: Hyper figures OFF on input line 4443.
Package hyperref Info: Link nesting OFF on input line 4448.
Package hyperref Info: Hyper index ON on input line 4451.
Package hyperref Info: Plain pages OFF on input line 4458.
Package hyperref Info: Backreferencing OFF on input line 4463.
Package hyperref Info: Implicit mode ON; LaTeX internals redefined.
Package hyperref Info: Bookmarks ON on input line 4688.
\c@Hy@tempcnt=\count120

(C:\Users\Felix\AppData\Roaming\MiKTeX\2.9\tex\latex\url\url.sty
\Urlmuskip=\muskip11
Package: url 2013/09/16  ver 3.4  Verb mode for urls, etc.
)
LaTeX Info: Redefining \url on input line 5041.
\XeTeXLinkMargin=\dimen132
\Fld@menulength=\count121
\Field@Width=\dimen133
\Fld@charsize=\dimen134
Package hyperref Info: Hyper figures OFF on input line 6295.
Package hyperref Info: Link nesting OFF on input line 6300.
Package hyperref Info: Hyper index ON on input line 6303.
Package hyperref Info: backreferencing OFF on input line 6310.
Package hyperref Info: Link coloring OFF on input line 6315.
Package hyperref Info: Link coloring with OCG OFF on input line 6320.
Package hyperref Info: PDF/A mode OFF on input line 6325.
LaTeX Info: Redefining \ref on input line 6365.
LaTeX Info: Redefining \pageref on input line 6369.
\Hy@abspage=\count122
\c@Item=\count123
\c@Hfootnote=\count124
)

Package hyperref Message: Driver (autodetected): hpdftex.

("C:\Program Files\MiKTeX 2.9\tex\latex\hyperref\hpdftex.def"
File: hpdftex.def 2012/11/06 v6.83m Hyperref driver for pdfTeX
\Fld@listcount=\count125
\c@bookmark@seq@number=\count126

("C:\Program Files\MiKTeX 2.9\tex\latex\oberdiek\rerunfilecheck.sty"
Package: rerunfilecheck 2011/04/15 v1.7 Rerun checks for auxiliary files (HO)
Package uniquecounter Info: New unique counter `rerunfilecheck' on input line 2
82.
)
\Hy@SectionHShift=\skip65
)

LaTeX Warning: Unused global option(s):
    [pagesize].

(bthesis.aux)
\openout1 = `bthesis.aux'.

LaTeX Font Info:    Checking defaults for OML/cmm/m/it on input line 67.
LaTeX Font Info:    ... okay on input line 67.
LaTeX Font Info:    Checking defaults for T1/cmr/m/n on input line 67.
LaTeX Font Info:    ... okay on input line 67.
LaTeX Font Info:    Checking defaults for OT1/cmr/m/n on input line 67.
LaTeX Font Info:    ... okay on input line 67.
LaTeX Font Info:    Checking defaults for OMS/cmsy/m/n on input line 67.
LaTeX Font Info:    ... okay on input line 67.
LaTeX Font Info:    Checking defaults for OMX/cmex/m/n on input line 67.
LaTeX Font Info:    ... okay on input line 67.
LaTeX Font Info:    Checking defaults for U/cmr/m/n on input line 67.
LaTeX Font Info:    ... okay on input line 67.
LaTeX Font Info:    Checking defaults for TS1/cmr/m/n on input line 67.
LaTeX Font Info:    Try loading font information for TS1+cmr on input line 67.
 ("C:\Program Files\MiKTeX 2.9\tex\latex\base\ts1cmr.fd"
File: ts1cmr.fd 2014/09/29 v2.5h Standard LaTeX font definitions
)
LaTeX Font Info:    ... okay on input line 67.
LaTeX Font Info:    Checking defaults for PD1/pdf/m/n on input line 67.
LaTeX Font Info:    ... okay on input line 67.
LaTeX Font Info:    Try loading font information for T1+lmr on input line 67.

("C:\Program Files\MiKTeX 2.9\tex\latex\lm\t1lmr.fd"
File: t1lmr.fd 2009/10/30 v1.6 Font defs for Latin Modern
)
("C:\Program Files\MiKTeX 2.9\tex\latex\graphics\graphicx.sty"
Package: graphicx 2014/10/28 v1.0g Enhanced LaTeX Graphics (DPC,SPQR)

("C:\Program Files\MiKTeX 2.9\tex\latex\graphics\graphics.sty"
Package: graphics 2014/10/28 v1.0p Standard LaTeX Graphics (DPC,SPQR)

("C:\Program Files\MiKTeX 2.9\tex\latex\graphics\trig.sty"
Package: trig 1999/03/16 v1.09 sin cos tan (DPC)
)
("C:\Program Files\MiKTeX 2.9\tex\latex\00miktex\graphics.cfg"
File: graphics.cfg 2007/01/18 v1.5 graphics configuration of teTeX/TeXLive
)
Package graphics Info: Driver file: pdftex.def on input line 94.

("C:\Program Files\MiKTeX 2.9\tex\latex\pdftex-def\pdftex.def"
File: pdftex.def 2011/05/27 v0.06d Graphics/color for pdfTeX
\Gread@gobject=\count127

(C:\Users\Felix\AppData\Roaming\MiKTeX\2.9\tex\context\base\supp-pdf.mkii
[Loading MPS to PDF converter (version 2006.09.02).]
\scratchcounter=\count128
\scratchdimen=\dimen135
\scratchbox=\box33
\nofMPsegments=\count129
\nofMParguments=\count130
\everyMPshowfont=\toks24
\MPscratchCnt=\count131
\MPscratchDim=\dimen136
\MPnumerator=\count132
\makeMPintoPDFobject=\count133
\everyMPtoPDFconversion=\toks25
)))
\Gin@req@height=\dimen137
\Gin@req@width=\dimen138
) (datenumber.sty
Package: datenumber 2001/08/06v0.02
 (datenumberUSenglish.ldf
File: datenumberUSenglish.ldf 
) (datenumberenglish.ldf
File: datenumberenglish.ldf 
)
(datenumbergerman.ldf
File: datenumbergerman.ldf 
)
\c@@dayscnt=\count134
\c@@startyear=\count135
\c@datenumber=\count136
\c@dateyear=\count137
\c@datemonth=\count138
\c@dateday=\count139
\c@datedayname=\count140
\@nom=\count141
\@den=\count142
)
\symgns@font=\mathgroup6
LaTeX Font Info:    Overwriting symbol font `gns@font' in version `bold'
(Font)                  TS1/lmr/m/n --> TS1/lmr/bx/n on input line 67.
Package gensymb Info: Math companion symbols declared on input line 67.
LaTeX Info: Redefining \degree on input line 67.
LaTeX Info: Redefining \celsius on input line 67.
Package gensymb Info: Using text companion symbols for \degree, \celsius and \p
erthousand on input line 67.
LaTeX Info: Redefining \ohm on input line 67.
Package gensymb Info: Using \textohm for \ohm on input line 67.
Package gensymb Info: Using \textmu for \micro on input line 67.
\AtBeginShipoutBox=\box34
Package hyperref Info: Link coloring OFF on input line 67.

("C:\Program Files\MiKTeX 2.9\tex\latex\hyperref\nameref.sty"
Package: nameref 2012/10/27 v2.43 Cross-referencing by name of section

("C:\Program Files\MiKTeX 2.9\tex\generic\oberdiek\gettitlestring.sty"
Package: gettitlestring 2010/12/03 v1.4 Cleanup title references (HO)
)
\c@section@level=\count143
)
LaTeX Info: Redefining \ref on input line 67.
LaTeX Info: Redefining \pageref on input line 67.
LaTeX Info: Redefining \nameref on input line 67.

(bthesis.out) (bthesis.out)
\@outlinefile=\write3
\openout3 = `bthesis.out'.

Package babel Info: Redefining ngerman shorthand "|
(babel)             in language  on input line 89.
Package babel Info: Redefining ngerman shorthand "~
(babel)             in language  on input line 89.
Package babel Info: Redefining ngerman shorthand "|
(babel)             in language  on input line 89.
Package babel Info: Redefining ngerman shorthand "~
(babel)             in language  on input line 89.
Package babel Info: Redefining ngerman shorthand "|
(babel)             in language  on input line 89.
Package babel Info: Redefining ngerman shorthand "~
(babel)             in language  on input line 89.

<figures/Logo_Uni_Goettingen.pdf, id=55, 312.16624pt x 60.225pt>
File: figures/Logo_Uni_Goettingen.pdf Graphic file (type pdf)

<use figures/Logo_Uni_Goettingen.pdf>
Package pdftex.def Info: figures/Logo_Uni_Goettingen.pdf used on input line 90.

(pdftex.def)             Requested size: 221.22517pt x 42.67912pt.

<figures/Logo_Physik_links.pdf, id=56, 307.1475pt x 98.3675pt>
File: figures/Logo_Physik_links.pdf Graphic file (type pdf)

<use figures/Logo_Physik_links.pdf>
Package pdftex.def Info: figures/Logo_Physik_links.pdf used on input line 90.
(pdftex.def)             Requested size: 133.26126pt x 42.67912pt.
LaTeX Font Info:    Try loading font information for T1+lmss on input line 90.

("C:\Program Files\MiKTeX 2.9\tex\latex\lm\t1lmss.fd"
File: t1lmss.fd 2009/10/30 v1.6 Font defs for Latin Modern
)
LaTeX Font Info:    Try loading font information for OT1+lmr on input line 90.

("C:\Program Files\MiKTeX 2.9\tex\latex\lm\ot1lmr.fd"
File: ot1lmr.fd 2009/10/30 v1.6 Font defs for Latin Modern
)
LaTeX Font Info:    Try loading font information for OML+lmm on input line 90.

("C:\Program Files\MiKTeX 2.9\tex\latex\lm\omllmm.fd"
File: omllmm.fd 2009/10/30 v1.6 Font defs for Latin Modern
)
LaTeX Font Info:    Try loading font information for OMS+lmsy on input line 90.


("C:\Program Files\MiKTeX 2.9\tex\latex\lm\omslmsy.fd"
File: omslmsy.fd 2009/10/30 v1.6 Font defs for Latin Modern
)
LaTeX Font Info:    Try loading font information for OMX+lmex on input line 90.


("C:\Program Files\MiKTeX 2.9\tex\latex\lm\omxlmex.fd"
File: omxlmex.fd 2009/10/30 v1.6 Font defs for Latin Modern
)
LaTeX Font Info:    External font `lmex10' loaded for size
(Font)              <12> on input line 90.
LaTeX Font Info:    External font `lmex10' loaded for size
(Font)              <8> on input line 90.
LaTeX Font Info:    External font `lmex10' loaded for size
(Font)              <6> on input line 90.
LaTeX Font Info:    Try loading font information for U+msa on input line 90.

("C:\Program Files\MiKTeX 2.9\tex\latex\amsfonts\umsa.fd"
File: umsa.fd 2013/01/14 v3.01 AMS symbols A
)
LaTeX Font Info:    Try loading font information for U+msb on input line 90.

("C:\Program Files\MiKTeX 2.9\tex\latex\amsfonts\umsb.fd"
File: umsb.fd 2013/01/14 v3.01 AMS symbols B
)
LaTeX Font Info:    Try loading font information for TS1+lmr on input line 90.

("C:\Program Files\MiKTeX 2.9\tex\latex\lm\ts1lmr.fd"
File: ts1lmr.fd 2009/10/30 v1.6 Font defs for Latin Modern
)
Overfull \hbox (7.8392pt too wide) in paragraph at lines 90--90
[]|\T1/lmr/bx/n/12 Zweitgutachter/in:| 
 []


Overfull \hbox (2.61105pt too wide) in paragraph at lines 90--90
[] [][][][] 
 []

Package babel Info: Redefining ngerman shorthand "|
(babel)             in language  on input line 90.
Package babel Info: Redefining ngerman shorthand "~
(babel)             in language  on input line 90.
Package babel Info: Redefining ngerman shorthand "|
(babel)             in language  on input line 90.
Package babel Info: Redefining ngerman shorthand "~
(babel)             in language  on input line 90.
[1





{C:/Users/Felix/AppData/Local/MiKTeX/2.9/pdftex/config/pdftex.map} <./figures/L
ogo_Uni_Goettingen.pdf> <./figures/Logo_Physik_links.pdf>]
Package babel Info: Redefining ngerman shorthand "|
(babel)             in language  on input line 90.
Package babel Info: Redefining ngerman shorthand "~
(babel)             in language  on input line 90.
Package babel Info: Redefining ngerman shorthand "|
(babel)             in language  on input line 90.
Package babel Info: Redefining ngerman shorthand "~
(babel)             in language  on input line 90.
 [2


]
Package babel Info: Redefining ngerman shorthand "|
(babel)             in language  on input line 111.
Package babel Info: Redefining ngerman shorthand "~
(babel)             in language  on input line 111.
Package babel Info: Redefining ngerman shorthand "|
(babel)             in language  on input line 111.
Package babel Info: Redefining ngerman shorthand "~
(babel)             in language  on input line 111.
 [3]
Package babel Info: Redefining ngerman shorthand "|
(babel)             in language  on input line 111.
Package babel Info: Redefining ngerman shorthand "~
(babel)             in language  on input line 111.
Package babel Info: Redefining ngerman shorthand "|
(babel)             in language  on input line 111.
Package babel Info: Redefining ngerman shorthand "~
(babel)             in language  on input line 111.
 [4


]
(bthesis.toc)
\tf@toc=\write4
\openout4 = `bthesis.toc'.

Package babel Info: Redefining ngerman shorthand "|
(babel)             in language  on input line 119.
Package babel Info: Redefining ngerman shorthand "~
(babel)             in language  on input line 119.
Package babel Info: Redefining ngerman shorthand "|
(babel)             in language  on input line 119.
Package babel Info: Redefining ngerman shorthand "~
(babel)             in language  on input line 119.
 [5


]
Package babel Info: Redefining ngerman shorthand "|
(babel)             in language  on input line 119.
Package babel Info: Redefining ngerman shorthand "~
(babel)             in language  on input line 119.
Package babel Info: Redefining ngerman shorthand "|
(babel)             in language  on input line 119.
Package babel Info: Redefining ngerman shorthand "~
(babel)             in language  on input line 119.
 [6


]
Package babel Info: Redefining ngerman shorthand "|
(babel)             in language  on input line 119.
Package babel Info: Redefining ngerman shorthand "~
(babel)             in language  on input line 119.

Underfull \vbox (badness 10000) has occurred while \output is active []

Package babel Info: Redefining ngerman shorthand "|
(babel)             in language  on input line 154.
Package babel Info: Redefining ngerman shorthand "~
(babel)             in language  on input line 154.
Package babel Info: Redefining ngerman shorthand "|
(babel)             in language  on input line 154.
Package babel Info: Redefining ngerman shorthand "~
(babel)             in language  on input line 154.
 [7


]
Package babel Info: Redefining ngerman shorthand "|
(babel)             in language  on input line 154.
Package babel Info: Redefining ngerman shorthand "~
(babel)             in language  on input line 154.
Package babel Info: Redefining ngerman shorthand "|
(babel)             in language  on input line 154.
Package babel Info: Redefining ngerman shorthand "~
(babel)             in language  on input line 154.

[8


]
chapter 1.
Package babel Info: Redefining ngerman shorthand "|
(babel)             in language  on input line 156.
Package babel Info: Redefining ngerman shorthand "~
(babel)             in language  on input line 156.
LaTeX Font Info:    Try loading font information for T1+lmtt on input line 157.

("C:\Program Files\MiKTeX 2.9\tex\latex\lm\t1lmtt.fd"
File: t1lmtt.fd 2009/10/30 v1.6 Font defs for Latin Modern
)
Overfull \hbox (30.89523pt too wide) in paragraph at lines 157--171
\T1/lmr/m/n/12 Da-tei-en sind []\T1/lmtt/m/n/12 datenumber.sty \T1/lmr/m/n/12 u
nd die zu-ge-hö-ri-gen Sprach-de-fi-ni-tio-nen []\T1/lmtt/m/n/12 \datenumber*.l
df\T1/lmr/m/n/12 .
 []

Package babel Info: Redefining ngerman shorthand "|
(babel)             in language  on input line 193.
Package babel Info: Redefining ngerman shorthand "~
(babel)             in language  on input line 193.
Package babel Info: Redefining ngerman shorthand "|
(babel)             in language  on input line 193.
Package babel Info: Redefining ngerman shorthand "~
(babel)             in language  on input line 193.
[1


]
Overfull \hbox (5.70764pt too wide) in paragraph at lines 193--197
[][]\T1/lmtt/m/n/12 \FirstReferee[Betreuer/in]{Erste/r Gutachter/in}\T1/lmr/m/n
/12 : Vol-ler Ti-tel und Na-
 []


Overfull \hbox (13.24307pt too wide) in paragraph at lines 197--199
[][]\T1/lmtt/m/n/12 \SecondReferee{Zweite/r Gutachter/in}\T1/lmr/m/n/12 : Vol-l
er Ti-tel und Na-me des/r Zweit-
 []

Package babel Info: Redefining ngerman shorthand "|
(babel)             in language  on input line 221.
Package babel Info: Redefining ngerman shorthand "~
(babel)             in language  on input line 221.
Package babel Info: Redefining ngerman shorthand "|
(babel)             in language  on input line 221.
Package babel Info: Redefining ngerman shorthand "~
(babel)             in language  on input line 221.
[2]
chapter 2.
Package babel Info: Redefining ngerman shorthand "|
(babel)             in language  on input line 221.
Package babel Info: Redefining ngerman shorthand "~
(babel)             in language  on input line 221.

Package natbib Warning: Citation `Menz97' on page 3 undefined on input line 234
.


Package natbib Warning: Citation `Horn90' on page 3 undefined on input line 236
.


Package natbib Warning: Citation `DINEN6232' on page 3 undefined on input line 
236.


Package natbib Warning: Citation `Menz97' on page 3 undefined on input line 236
.


Package natbib Warning: Citation `Knuth84' on page 3 undefined on input line 23
6.

Package babel Info: Redefining ngerman shorthand "|
(babel)             in language  on input line 238.
Package babel Info: Redefining ngerman shorthand "~
(babel)             in language  on input line 238.
Package babel Info: Redefining ngerman shorthand "|
(babel)             in language  on input line 240.
Package babel Info: Redefining ngerman shorthand "~
(babel)             in language  on input line 240.
<figures/bild.pdf, id=171, 291.0875pt x 291.0875pt>
File: figures/bild.pdf Graphic file (type pdf)
 <use figures/bild.pdf>
Package pdftex.def Info: figures/bild.pdf used on input line 250.
(pdftex.def)             Requested size: 213.39569pt x 213.3982pt.
Package babel Info: Redefining ngerman shorthand "|
(babel)             in language  on input line 272.
Package babel Info: Redefining ngerman shorthand "~
(babel)             in language  on input line 272.
Package babel Info: Redefining ngerman shorthand "|
(babel)             in language  on input line 272.
Package babel Info: Redefining ngerman shorthand "~
(babel)             in language  on input line 272.

[3


]
Package babel Info: Redefining ngerman shorthand "|
(babel)             in language  on input line 272.
Package babel Info: Redefining ngerman shorthand "~
(babel)             in language  on input line 272.
Package babel Info: Redefining ngerman shorthand "|
(babel)             in language  on input line 272.
Package babel Info: Redefining ngerman shorthand "~
(babel)             in language  on input line 272.
 [4 <./figures/bild.pdf>]
chapter 3.
Package babel Info: Redefining ngerman shorthand "|
(babel)             in language  on input line 272.
Package babel Info: Redefining ngerman shorthand "~
(babel)             in language  on input line 272.
Package babel Info: Redefining ngerman shorthand "|
(babel)             in language  on input line 274.
Package babel Info: Redefining ngerman shorthand "~
(babel)             in language  on input line 274.
Package babel Info: Redefining ngerman shorthand "|
(babel)             in language  on input line 274.
Package babel Info: Redefining ngerman shorthand "~
(babel)             in language  on input line 274.
[5


]
Package babel Info: Redefining ngerman shorthand "|
(babel)             in language  on input line 274.
Package babel Info: Redefining ngerman shorthand "~
(babel)             in language  on input line 274.
Package babel Info: Redefining ngerman shorthand "|
(babel)             in language  on input line 274.
Package babel Info: Redefining ngerman shorthand "~
(babel)             in language  on input line 274.
 [6


]
chapter 4.
Package babel Info: Redefining ngerman shorthand "|
(babel)             in language  on input line 274.
Package babel Info: Redefining ngerman shorthand "~
(babel)             in language  on input line 274.
Package babel Info: Redefining ngerman shorthand "|
(babel)             in language  on input line 276.
Package babel Info: Redefining ngerman shorthand "~
(babel)             in language  on input line 276.
Package babel Info: Redefining ngerman shorthand "|
(babel)             in language  on input line 276.
Package babel Info: Redefining ngerman shorthand "~
(babel)             in language  on input line 276.
[7]
Package babel Info: Redefining ngerman shorthand "|
(babel)             in language  on input line 276.
Package babel Info: Redefining ngerman shorthand "~
(babel)             in language  on input line 276.
Package babel Info: Redefining ngerman shorthand "|
(babel)             in language  on input line 276.
Package babel Info: Redefining ngerman shorthand "~
(babel)             in language  on input line 276.
 [8


]
chapter 5.
Package babel Info: Redefining ngerman shorthand "|
(babel)             in language  on input line 276.
Package babel Info: Redefining ngerman shorthand "~
(babel)             in language  on input line 276.
Package babel Info: Redefining ngerman shorthand "|
(babel)             in language  on input line 278.
Package babel Info: Redefining ngerman shorthand "~
(babel)             in language  on input line 278.
Package babel Info: Redefining ngerman shorthand "|
(babel)             in language  on input line 280.
Package babel Info: Redefining ngerman shorthand "~
(babel)             in language  on input line 280.
Package babel Info: Redefining ngerman shorthand "|
(babel)             in language  on input line 282.
Package babel Info: Redefining ngerman shorthand "~
(babel)             in language  on input line 282.
Package babel Info: Redefining ngerman shorthand "|
(babel)             in language  on input line 282.
Package babel Info: Redefining ngerman shorthand "~
(babel)             in language  on input line 282.
[9]
Package babel Info: Redefining ngerman shorthand "|
(babel)             in language  on input line 282.
Package babel Info: Redefining ngerman shorthand "~
(babel)             in language  on input line 282.
Package babel Info: Redefining ngerman shorthand "|
(babel)             in language  on input line 282.
Package babel Info: Redefining ngerman shorthand "~
(babel)             in language  on input line 282.
 [10


]
chapter 6.
Package babel Info: Redefining ngerman shorthand "|
(babel)             in language  on input line 282.
Package babel Info: Redefining ngerman shorthand "~
(babel)             in language  on input line 282.
Package babel Info: Redefining ngerman shorthand "|
(babel)             in language  on input line 286.
Package babel Info: Redefining ngerman shorthand "~
(babel)             in language  on input line 286.
Package babel Info: Redefining ngerman shorthand "|
(babel)             in language  on input line 286.
Package babel Info: Redefining ngerman shorthand "~
(babel)             in language  on input line 286.
[11]
Package babel Info: Redefining ngerman shorthand "|
(babel)             in language  on input line 286.
Package babel Info: Redefining ngerman shorthand "~
(babel)             in language  on input line 286.
Package babel Info: Redefining ngerman shorthand "|
(babel)             in language  on input line 286.
Package babel Info: Redefining ngerman shorthand "~
(babel)             in language  on input line 286.
 [12


]
chapter A.
Package babel Info: Redefining ngerman shorthand "|
(babel)             in language  on input line 286.
Package babel Info: Redefining ngerman shorthand "~
(babel)             in language  on input line 286.
Package babel Info: Redefining ngerman shorthand "|
(babel)             in language  on input line 288.
Package babel Info: Redefining ngerman shorthand "~
(babel)             in language  on input line 288.
Package babel Info: Redefining ngerman shorthand "|
(babel)             in language  on input line 288.
Package babel Info: Redefining ngerman shorthand "~
(babel)             in language  on input line 288.
[13]
Package babel Info: Redefining ngerman shorthand "|
(babel)             in language  on input line 288.
Package babel Info: Redefining ngerman shorthand "~
(babel)             in language  on input line 288.
Package babel Info: Redefining ngerman shorthand "|
(babel)             in language  on input line 288.
Package babel Info: Redefining ngerman shorthand "~
(babel)             in language  on input line 288.
 [14


]
chapter B.
Package babel Info: Redefining ngerman shorthand "|
(babel)             in language  on input line 288.
Package babel Info: Redefining ngerman shorthand "~
(babel)             in language  on input line 288.
Package babel Info: Redefining ngerman shorthand "|
(babel)             in language  on input line 291.
Package babel Info: Redefining ngerman shorthand "~
(babel)             in language  on input line 291.
Package babel Info: Redefining ngerman shorthand "|
(babel)             in language  on input line 291.
Package babel Info: Redefining ngerman shorthand "~
(babel)             in language  on input line 291.
[15]
Package babel Info: Redefining ngerman shorthand "|
(babel)             in language  on input line 291.
Package babel Info: Redefining ngerman shorthand "~
(babel)             in language  on input line 291.
Package babel Info: Redefining ngerman shorthand "|
(babel)             in language  on input line 291.
Package babel Info: Redefining ngerman shorthand "~
(babel)             in language  on input line 291.
 [16


]
No file bthesis.bbl.
Package babel Info: Redefining ngerman shorthand "|
(babel)             in language  on input line 301.
Package babel Info: Redefining ngerman shorthand "~
(babel)             in language  on input line 301.
Package babel Info: Redefining ngerman shorthand "|
(babel)             in language  on input line 301.
Package babel Info: Redefining ngerman shorthand "~
(babel)             in language  on input line 301.
[17


]

Package natbib Warning: There were undefined citations.

Package atveryend Info: Empty hook `BeforeClearDocument' on input line 302.
Package babel Info: Redefining ngerman shorthand "|
(babel)             in language  on input line 302.
Package babel Info: Redefining ngerman shorthand "~
(babel)             in language  on input line 302.
Package babel Info: Redefining ngerman shorthand "|
(babel)             in language  on input line 302.
Package babel Info: Redefining ngerman shorthand "~
(babel)             in language  on input line 302.
[18

]
Package atveryend Info: Empty hook `AfterLastShipout' on input line 302.
 (bthesis.aux)
Package atveryend Info: Executing hook `AtVeryEndDocument' on input line 302.
Package atveryend Info: Executing hook `AtEndAfterFileList' on input line 302.
Package rerunfilecheck Info: File `bthesis.out' has not changed.
(rerunfilecheck)             Checksum: 5A02D2EBBE150AB1ADC4675C05E130DA;759.
Package atveryend Info: Empty hook `AtVeryVeryEnd' on input line 302.
 ) 
Here is how much of TeX's memory you used:
 9968 strings out of 493634
 149066 string characters out of 3143744
 300846 words of memory out of 3000000
 13098 multiletter control sequences out of 15000+200000
 57111 words of font info for 49 fonts, out of 3000000 for 9000
 1025 hyphenation exceptions out of 8191
 49i,10n,68p,294b,494s stack positions out of 5000i,500n,10000p,200000b,50000s
{C:/Program Files/MiKTeX 2.9/fonts/enc/dvips/lm/lm-ec.enc}{C:/Program Files/M
iKTeX 2.9/fonts/enc/dvips/lm/lm-rm.enc}{C:/Program Files/MiKTeX 2.9/fonts/enc/d
vips/lm/lm-ts1.enc}{C:/Program Files/MiKTeX 2.9/fonts/enc/dvips/lm/lm-mathit.en
c}<C:/Program Files/MiKTeX 2.9/fonts/type1/public/lm/lmbx12.pfb><C:/Program Fil
es/MiKTeX 2.9/fonts/type1/public/lm/lmmi12.pfb><C:/Program Files/MiKTeX 2.9/fon
ts/type1/public/lm/lmr12.pfb><C:/Program Files/MiKTeX 2.9/fonts/type1/public/lm
/lmr6.pfb><C:/Program Files/MiKTeX 2.9/fonts/type1/public/lm/lmr8.pfb><C:/Progr
am Files/MiKTeX 2.9/fonts/type1/public/lm/lmri12.pfb><C:/Program Files/MiKTeX 2
.9/fonts/type1/public/lm/lmro12.pfb><C:/Program Files/MiKTeX 2.9/fonts/type1/pu
blic/lm/lmssbx10.pfb><C:/Program Files/MiKTeX 2.9/fonts/type1/public/lm/lmtt12.
pfb>
Output written on bthesis.pdf (26 pages, 265811 bytes).
PDF statistics:
 300 PDF objects out of 1000 (max. 8388607)
 66 named destinations out of 1000 (max. 500000)
 120 words of extra memory for PDF output out of 10000 (max. 10000000)

